[    0.000000] Initializing cgroup subsys cpuset
[    0.000000] Initializing cgroup subsys cpu
[    0.000000] Initializing cgroup subsys cpuacct
[    0.000000] Linux version 4.4.0-177-generic (buildd@lgw01-amd64-035) (gcc version 5.4.0 20160609 (Ubuntu 5.4.0-6ubuntu1~16.04.12) ) #207-Ubuntu SMP Mon Mar 16 01:16:10 UTC 2020 (Ubuntu 4.4.0-177.207-generic 4.4.214)
[    0.000000] Command line: BOOT_IMAGE=/boot/vmlinuz-4.4.0-177-generic root=LABEL=cloudimg-rootfs ro console=tty1 console=ttyS0
[    0.000000] KERNEL supported cpus:
[    0.000000]   Intel GenuineIntel
[    0.000000]   AMD AuthenticAMD
[    0.000000]   Centaur CentaurHauls
[    0.000000] x86/fpu: xstate_offset[2]:  576, xstate_sizes[2]:  256
[    0.000000] x86/fpu: Supporting XSAVE feature 0x01: 'x87 floating point registers'
[    0.000000] x86/fpu: Supporting XSAVE feature 0x02: 'SSE registers'
[    0.000000] x86/fpu: Supporting XSAVE feature 0x04: 'AVX registers'
[    0.000000] x86/fpu: Enabled xstate features 0x7, context size is 832 bytes, using 'standard' format.
[    0.000000] e820: BIOS-provided physical RAM map:
[    0.000000] BIOS-e820: [mem 0x0000000000000000-0x000000000009fbff] usable
[    0.000000] BIOS-e820: [mem 0x000000000009fc00-0x000000000009ffff] reserved
[    0.000000] BIOS-e820: [mem 0x00000000000f0000-0x00000000000fffff] reserved
[    0.000000] BIOS-e820: [mem 0x0000000000100000-0x000000003ffeffff] usable
[    0.000000] BIOS-e820: [mem 0x000000003fff0000-0x000000003fffffff] ACPI data
[    0.000000] BIOS-e820: [mem 0x00000000fec00000-0x00000000fec00fff] reserved
[    0.000000] BIOS-e820: [mem 0x00000000fee00000-0x00000000fee00fff] reserved
[    0.000000] BIOS-e820: [mem 0x00000000fffc0000-0x00000000ffffffff] reserved
[    0.000000] NX (Execute Disable) protection: active
[    0.000000] SMBIOS 2.5 present.
[    0.000000] Hypervisor detected: KVM
[    0.000000] e820: last_pfn = 0x3fff0 max_arch_pfn = 0x400000000
[    0.000000] MTRR: Disabled
[    0.000000] x86/PAT: MTRRs disabled, skipping PAT initialization too.
[    0.000000] CPU MTRRs all blank - virtualized system.
[    0.000000] x86/PAT: Configuration [0-7]: WB  WT  UC- UC  WB  WT  UC- UC  
[    0.000000] found SMP MP-table at [mem 0x0009fff0-0x0009ffff] mapped at [ffff88000009fff0]
[    0.000000] Scanning 1 areas for low memory corruption
[    0.000000] RAMDISK: [mem 0x362e4000-0x37169fff]
[    0.000000] ACPI: Early table checksum verification disabled
[    0.000000] ACPI: RSDP 0x00000000000E0000 000024 (v02 VBOX  )
[    0.000000] ACPI: XSDT 0x000000003FFF0030 00003C (v01 VBOX   VBOXXSDT 00000001 ASL  00000061)
[    0.000000] ACPI: FACP 0x000000003FFF00F0 0000F4 (v04 VBOX   VBOXFACP 00000001 ASL  00000061)
[    0.000000] ACPI: DSDT 0x000000003FFF0470 002325 (v02 VBOX   VBOXBIOS 00000002 INTL 20100528)
[    0.000000] ACPI: FACS 0x000000003FFF0200 000040
[    0.000000] ACPI: FACS 0x000000003FFF0200 000040
[    0.000000] ACPI: APIC 0x000000003FFF0240 00005C (v02 VBOX   VBOXAPIC 00000001 ASL  00000061)
[    0.000000] ACPI: SSDT 0x000000003FFF02A0 0001CC (v01 VBOX   VBOXCPUT 00000002 INTL 20100528)
[    0.000000] No NUMA configuration found
[    0.000000] Faking a node at [mem 0x0000000000000000-0x000000003ffeffff]
[    0.000000] NODE_DATA(0) allocated [mem 0x3ffeb000-0x3ffeffff]
[    0.000000] kvm-clock: Using msrs 4b564d01 and 4b564d00
[    0.000000] kvm-clock: cpu 0, msr 0:3ffe3001, primary cpu clock
[    0.000000] kvm-clock: using sched offset of 4172704919 cycles
[    0.000000] clocksource: kvm-clock: mask: 0xffffffffffffffff max_cycles: 0x1cd42e4dffb, max_idle_ns: 881590591483 ns
[    0.000000] Zone ranges:
[    0.000000]   DMA      [mem 0x0000000000001000-0x0000000000ffffff]
[    0.000000]   DMA32    [mem 0x0000000001000000-0x000000003ffeffff]
[    0.000000]   Normal   empty
[    0.000000]   Device   empty
[    0.000000] Movable zone start for each node
[    0.000000] Early memory node ranges
[    0.000000]   node   0: [mem 0x0000000000001000-0x000000000009efff]
[    0.000000]   node   0: [mem 0x0000000000100000-0x000000003ffeffff]
[    0.000000] Initmem setup node 0 [mem 0x0000000000001000-0x000000003ffeffff]
[    0.000000] ACPI: PM-Timer IO Port: 0x4008
[    0.000000] IOAPIC[0]: apic_id 2, version 32, address 0xfec00000, GSI 0-23
[    0.000000] ACPI: INT_SRC_OVR (bus 0 bus_irq 0 global_irq 2 dfl dfl)
[    0.000000] ACPI: INT_SRC_OVR (bus 0 bus_irq 9 global_irq 9 low level)
[    0.000000] Using ACPI (MADT) for SMP configuration information
[    0.000000] smpboot: Allowing 2 CPUs, 0 hotplug CPUs
[    0.000000] PM: Registered nosave memory: [mem 0x00000000-0x00000fff]
[    0.000000] PM: Registered nosave memory: [mem 0x0009f000-0x0009ffff]
[    0.000000] PM: Registered nosave memory: [mem 0x000a0000-0x000effff]
[    0.000000] PM: Registered nosave memory: [mem 0x000f0000-0x000fffff]
[    0.000000] e820: [mem 0x40000000-0xfebfffff] available for PCI devices
[    0.000000] Booting paravirtualized kernel on KVM
[    0.000000] clocksource: refined-jiffies: mask: 0xffffffff max_cycles: 0xffffffff, max_idle_ns: 7645519600211568 ns
[    0.000000] setup_percpu: NR_CPUS:512 nr_cpumask_bits:512 nr_cpu_ids:2 nr_node_ids:1
[    0.000000] PERCPU: Embedded 33 pages/cpu @ffff88003fc00000 s95448 r8192 d31528 u1048576
[    0.000000] Built 1 zonelists in Node order, mobility grouping on.  Total pages: 257912
[    0.000000] Policy zone: DMA32
[    0.000000] Kernel command line: BOOT_IMAGE=/boot/vmlinuz-4.4.0-177-generic root=LABEL=cloudimg-rootfs ro console=tty1 console=ttyS0
[    0.000000] PID hash table entries: 4096 (order: 3, 32768 bytes)
[    0.000000] Memory: 997680K/1048120K available (8626K kernel code, 1336K rwdata, 4036K rodata, 1488K init, 1292K bss, 50440K reserved, 0K cma-reserved)
[    0.000000] SLUB: HWalign=64, Order=0-3, MinObjects=0, CPUs=2, Nodes=1
[    0.000000] Kernel/User page tables isolation: enabled
[    0.000000] Hierarchical RCU implementation.
[    0.000000] 	Build-time adjustment of leaf fanout to 64.
[    0.000000] 	RCU restricting CPUs from NR_CPUS=512 to nr_cpu_ids=2.
[    0.000000] RCU: Adjusting geometry for rcu_fanout_leaf=64, nr_cpu_ids=2
[    0.000000] NR_IRQS:33024 nr_irqs:440 16
[    0.000000] Console: colour VGA+ 80x25
[    0.000000] console [tty1] enabled
[    0.000000] console [ttyS0] enabled
[    0.000000] tsc: Detected 1696.135 MHz processor
[    0.227195] Calibrating delay loop (skipped) preset value.. 3392.27 BogoMIPS (lpj=6784540)
[    0.230151] pid_max: default: 32768 minimum: 301
[    0.231784] ACPI: Core revision 20150930
[    0.234258] ACPI: 2 ACPI AML tables successfully acquired and loaded
[    0.236549] Security Framework initialized
[    0.238022] Yama: becoming mindful.
[    0.239309] AppArmor: AppArmor initialized
[    0.240841] Dentry cache hash table entries: 131072 (order: 8, 1048576 bytes)
[    0.244956] Inode-cache hash table entries: 65536 (order: 7, 524288 bytes)
[    0.247349] Mount-cache hash table entries: 2048 (order: 2, 16384 bytes)
[    0.249462] Mountpoint-cache hash table entries: 2048 (order: 2, 16384 bytes)
[    0.251949] Initializing cgroup subsys io
[    0.253491] Initializing cgroup subsys memory
[    0.255147] Initializing cgroup subsys devices
[    0.256659] Initializing cgroup subsys freezer
[    0.258209] Initializing cgroup subsys net_cls
[    0.259844] Initializing cgroup subsys perf_event
[    0.261462] Initializing cgroup subsys net_prio
[    0.263059] Initializing cgroup subsys hugetlb
[    0.264556] Initializing cgroup subsys pids
[    0.266440] mce: CPU supports 0 MCE banks
[    0.268492] Last level iTLB entries: 4KB 512, 2MB 8, 4MB 8
[    0.270638] Last level dTLB entries: 4KB 512, 2MB 32, 4MB 32, 1GB 0
[    0.272819] Spectre V1 : Mitigation: usercopy/swapgs barriers and __user pointer sanitization
[    0.275866] Spectre V2 : Mitigation: Full generic retpoline
[    0.277753] Spectre V2 : Spectre v2 / SpectreRSB mitigation: Filling RSB on context switch
[    0.280620] Speculative Store Bypass: Vulnerable
[    0.282430] MDS: Mitigation: Clear CPU buffers
[    0.287766] Freeing SMP alternatives memory: 36K
[    0.297567] ftrace: allocating 32304 entries in 127 pages
[    0.385665] smpboot: APIC(0) Converting physical 0 to logical package 0
[    0.387901] smpboot: Max logical packages: 1
[    0.389766] x2apic enabled
[    0.391131] Switched APIC routing to physical x2apic.
[    0.394326] ..TIMER: vector=0x30 apic1=0 pin1=2 apic2=-1 pin2=-1
[    0.504397] smpboot: CPU0: Intel(R) Core(TM) i5-3317U CPU @ 1.70GHz (family: 0x6, model: 0x3a, stepping: 0x9)
[    0.508105] Performance Events: unsupported p6 CPU model 58 no PMU driver, software events only.
[    0.526027] KVM setup paravirtual spinlock
[    0.528325] x86: Booting SMP configuration:
[    0.529834] .... node  #0, CPUs:      #1
[    0.531555] kvm-clock: cpu 1, msr 0:3ffe3041, secondary cpu clock
[    0.534634] mce: CPU supports 0 MCE banks
[    0.538299] x86: Booted up 1 node, 2 CPUs
[    0.540173] smpboot: Total of 2 processors activated (6784.54 BogoMIPS)
[    0.543040] devtmpfs: initialized
[    0.546304] evm: security.selinux
[    0.547529] evm: security.SMACK64
[    0.548850] evm: security.SMACK64EXEC
[    0.550151] evm: security.SMACK64TRANSMUTE
[    0.551659] evm: security.SMACK64MMAP
[    0.552968] evm: security.ima
[    0.554120] evm: security.capability
[    0.555796] clocksource: jiffies: mask: 0xffffffff max_cycles: 0xffffffff, max_idle_ns: 7645041785100000 ns
[    0.559101] futex hash table entries: 512 (order: 3, 32768 bytes)
[    0.561448] pinctrl core: initialized pinctrl subsystem
[    0.563839] RTC time: 13:57:11, date: 04/21/20
[    0.565657] NET: Registered protocol family 16
[    0.577618] cpuidle: using governor ladder
[    0.589874] cpuidle: using governor menu
[    0.591621] PCCT header not found.
[    0.592943] ACPI: bus type PCI registered
[    0.594435] acpiphp: ACPI Hot Plug PCI Controller Driver version: 0.5
[    0.596639] PCI: Using configuration type 1 for base access
[    0.610940] ACPI: Added _OSI(Module Device)
[    0.612616] ACPI: Added _OSI(Processor Device)
[    0.614222] ACPI: Added _OSI(3.0 _SCP Extensions)
[    0.615806] ACPI: Added _OSI(Processor Aggregator Device)
[    0.618625] ACPI: Executed 1 blocks of module-level executable AML code
[    0.623808] ACPI: Interpreter enabled
[    0.625661] ACPI: (supports S0 S5)
[    0.627366] ACPI: Using IOAPIC for interrupt routing
[    0.629812] PCI: Using host bridge windows from ACPI; if necessary, use "pci=nocrs" and report a bug
[    0.639217] ACPI: PCI Root Bridge [PCI0] (domain 0000 [bus 00-ff])
[    0.641312] acpi PNP0A03:00: _OSC: OS supports [ASPM ClockPM Segments MSI]
[    0.643904] acpi PNP0A03:00: _OSC: not requesting OS control; OS requires [ExtendedConfig ASPM ClockPM MSI]
[    0.647162] acpi PNP0A03:00: fail to add MMCONFIG information, can't access extended PCI configuration space under this bridge.
[    0.651596] PCI host bridge to bus 0000:00
[    0.653068] pci_bus 0000:00: root bus resource [io  0x0000-0x0cf7 window]
[    0.655250] pci_bus 0000:00: root bus resource [io  0x0d00-0xffff window]
[    0.657479] pci_bus 0000:00: root bus resource [mem 0x000a0000-0x000bffff window]
[    0.660089] pci_bus 0000:00: root bus resource [mem 0x40000000-0xfdffffff window]
[    0.662961] pci_bus 0000:00: root bus resource [bus 00-ff]
[    0.668513] pci 0000:00:01.1: legacy IDE quirk: reg 0x10: [io  0x01f0-0x01f7]
[    0.670917] pci 0000:00:01.1: legacy IDE quirk: reg 0x14: [io  0x03f6]
[    0.673022] pci 0000:00:01.1: legacy IDE quirk: reg 0x18: [io  0x0170-0x0177]
[    0.675445] pci 0000:00:01.1: legacy IDE quirk: reg 0x1c: [io  0x0376]
[    0.713651] pci 0000:00:07.0: quirk: [io  0x4000-0x403f] claimed by PIIX4 ACPI
[    0.716260] pci 0000:00:07.0: quirk: [io  0x4100-0x410f] claimed by PIIX4 SMB
[    0.727615] ACPI: PCI Interrupt Link [LNKA] (IRQs 5 9 10 *11)
[    0.730554] ACPI: PCI Interrupt Link [LNKB] (IRQs 5 9 *10 11)
[    0.733232] ACPI: PCI Interrupt Link [LNKC] (IRQs 5 *9 10 11)
[    0.735911] ACPI: PCI Interrupt Link [LNKD] (IRQs 5 9 10 *11)
[    0.738953] ACPI: Enabled 2 GPEs in block 00 to 07
[    0.741476] vgaarb: setting as boot device: PCI:0000:00:02.0
[    0.743395] vgaarb: device added: PCI:0000:00:02.0,decodes=io+mem,owns=io+mem,locks=none
[    0.746128] vgaarb: loaded
[    0.747203] vgaarb: bridge control possible 0000:00:02.0
[    0.749277] SCSI subsystem initialized
[    0.750828] ACPI: bus type USB registered
[    0.752268] usbcore: registered new interface driver usbfs
[    0.754236] usbcore: registered new interface driver hub
[    0.756042] usbcore: registered new device driver usb
[    0.758236] PCI: Using ACPI for IRQ routing
[    0.761901] NetLabel: Initializing
[    0.763711] NetLabel:  domain hash size = 128
[    0.766032] NetLabel:  protocols = UNLABELED CIPSOv4
[    0.768041] NetLabel:  unlabeled traffic allowed by default
[    0.770356] amd_nb: Cannot enumerate AMD northbridges
[    0.772407] clocksource: Switched to clocksource kvm-clock
[    0.785806] AppArmor: AppArmor Filesystem Enabled
[    0.788270] pnp: PnP ACPI init
[    0.791746] pnp: PnP ACPI: found 3 devices
[    0.809209] clocksource: acpi_pm: mask: 0xffffff max_cycles: 0xffffff, max_idle_ns: 2085701024 ns
[    0.814964] NET: Registered protocol family 2
[    0.818179] TCP established hash table entries: 8192 (order: 4, 65536 bytes)
[    0.823309] TCP bind hash table entries: 8192 (order: 5, 131072 bytes)
[    0.828173] TCP: Hash tables configured (established 8192 bind 8192)
[    0.832884] UDP hash table entries: 512 (order: 2, 16384 bytes)
[    0.837334] UDP-Lite hash table entries: 512 (order: 2, 16384 bytes)
[    0.841979] NET: Registered protocol family 1
[    0.845464] pci 0000:00:00.0: Limiting direct PCI/PCI transfers
[    0.850071] pci 0000:00:01.0: Activating ISA DMA hang workarounds
[    0.855200] Unpacking initramfs...
[    1.169681] Freeing initrd memory: 14872K
[    1.172216] RAPL PMU detected, API unit is 2^-32 Joules, 3 fixed counters 10737418240 ms ovfl timer
[    1.175405] hw unit of domain pp0-core 2^-0 Joules
[    1.177091] hw unit of domain package 2^-0 Joules
[    1.178680] hw unit of domain pp1-gpu 2^-0 Joules
[    1.180593] clocksource: tsc: mask: 0xffffffffffffffff max_cycles: 0x1872e423309, max_idle_ns: 440795228289 ns
[    1.184113] platform rtc_cmos: registered platform RTC device (no PNP device found)
[    1.186900] Scanning for low memory corruption every 60 seconds
[    1.189420] audit: initializing netlink subsys (disabled)
[    1.191264] audit: type=2000 audit(1587477437.838:1): initialized
[    1.193710] Initialise system trusted keyring
[    1.195593] HugeTLB registered 2 MB page size, pre-allocated 0 pages
[    1.199408] zbud: loaded
[    1.201001] VFS: Disk quotas dquot_6.6.0
[    1.202434] VFS: Dquot-cache hash table entries: 512 (order 0, 4096 bytes)
[    1.204892] squashfs: version 4.0 (2009/01/31) Phillip Lougher
[    1.207391] fuse init (API version 7.23)
[    1.208955] Key type big_key registered
[    1.210512] Allocating IMA MOK and blacklist keyrings.
[    1.214478] Key type asymmetric registered
[    1.215953] Asymmetric key parser 'x509' registered
[    1.217784] Block layer SCSI generic (bsg) driver version 0.4 loaded (major 249)
[    1.220554] io scheduler noop registered
[    1.222252] io scheduler deadline registered (default)
[    1.224015] io scheduler cfq registered
[    1.225635] pci_hotplug: PCI Hot Plug PCI Core version: 0.5
[    1.227469] pciehp: PCI Express Hot Plug Controller Driver version: 0.4
[    1.230205] ACPI: AC Adapter [AC] (off-line)
[    1.232022] input: Power Button as /devices/LNXSYSTM:00/LNXPWRBN:00/input/input0
[    1.234729] ACPI: Power Button [PWRF]
[    1.236142] input: Sleep Button as /devices/LNXSYSTM:00/LNXSLPBN:00/input/input1
[    1.238792] ACPI: Sleep Button [SLPF]
[    1.242064] ACPI: Battery Slot [BAT0] (battery present)
[    1.243871] GHES: HEST is not enabled!
[    1.246053] Serial: 8250/16550 driver, 32 ports, IRQ sharing enabled
[    1.269133] 00:02: ttyS0 at I/O 0x3f8 (irq = 4, base_baud = 115200) is a 16550A
[    1.273542] Linux agpgart interface v0.103
[    1.277461] loop: module loaded
[    1.279634] scsi host0: ata_piix
[    1.281606] scsi host1: ata_piix
[    1.282882] ata1: PATA max UDMA/33 cmd 0x1f0 ctl 0x3f6 bmdma 0xd000 irq 14
[    1.285133] ata2: PATA max UDMA/33 cmd 0x170 ctl 0x376 bmdma 0xd008 irq 15
[    1.287468] libphy: Fixed MDIO Bus: probed
[    1.289130] tun: Universal TUN/TAP device driver, 1.6
[    1.291025] tun: (C) 1999-2004 Max Krasnyansky <maxk@qualcomm.com>
[    1.293189] PPP generic driver version 2.4.2
[    1.294735] ehci_hcd: USB 2.0 'Enhanced' Host Controller (EHCI) Driver
[    1.296808] ehci-pci: EHCI PCI platform driver
[    1.298461] ehci-platform: EHCI generic platform driver
[    1.300222] ohci_hcd: USB 1.1 'Open' Host Controller (OHCI) Driver
[    1.302414] ohci-pci: OHCI PCI platform driver
[    1.303943] ohci-platform: OHCI generic platform driver
[    1.305778] uhci_hcd: USB Universal Host Controller Interface driver
[    1.307886] i8042: PNP: PS/2 Controller [PNP0303:PS2K,PNP0f03:PS2M] at 0x60,0x64 irq 1,12
[    1.311431] serio: i8042 KBD port at 0x60,0x64 irq 1
[    1.313240] serio: i8042 AUX port at 0x60,0x64 irq 12
[    1.315065] mousedev: PS/2 mouse device common for all mice
[    1.317673] rtc_cmos rtc_cmos: rtc core: registered rtc_cmos as rtc0
[    1.319896] rtc_cmos rtc_cmos: alarms up to one day, 114 bytes nvram
[    1.322165] i2c /dev entries driver
[    1.323590] device-mapper: uevent: version 1.0.3
[    1.325326] input: AT Translated Set 2 keyboard as /devices/platform/i8042/serio0/input/input2
[    1.328358] device-mapper: ioctl: 4.34.0-ioctl (2015-10-28) initialised: dm-devel@redhat.com
[    1.331503] ledtrig-cpu: registered to indicate activity on CPUs
[    1.334236] NET: Registered protocol family 10
[    1.336184] NET: Registered protocol family 17
[    1.337862] Key type dns_resolver registered
[    1.339665] registered taskstats version 1
[    1.341305] Loading compiled-in X.509 certificates
[    1.343811] Loaded X.509 cert 'Build time autogenerated kernel key: a048edf52b07f04005c7780de0f875c713550332'
[    1.347155] zswap: loaded using pool lzo/zbud
[    1.351437] Key type trusted registered
[    1.357705] Key type encrypted registered
[    1.359153] AppArmor: AppArmor sha1 policy hashing enabled
[    1.361127] ima: No TPM chip found, activating TPM-bypass!
[    1.363052] ima: Allocated hash algorithm: sha1
[    1.364613] evm: HMAC attrs: 0x1
[    1.366516]   Magic number: 0:387:989
[    1.368571] rtc_cmos rtc_cmos: setting system clock to 2020-04-21 13:57:12 UTC (1587477432)
[    1.372660] BIOS EDD facility v0.16 2004-Jun-25, 0 devices found
[    1.374643] EDD information not available.
[    1.466503] Freeing unused kernel memory: 1488K
[    1.468217] Write protecting the kernel read-only data: 14336k
[    1.470993] Freeing unused kernel memory: 1604K
[    1.472948] Freeing unused kernel memory: 60K
Loading, please wait...
starting version 229
[    1.494285] random: systemd-udevd: uninitialized urandom read (16 bytes read, 2 bits of entropy available)
[    1.495613] random: udevadm: uninitialized urandom read (16 bytes read, 2 bits of entropy available)
[    1.495661] random: udevadm: uninitialized urandom read (16 bytes read, 2 bits of entropy available)
[    1.504928] random: systemd-udevd: uninitialized urandom read (16 bytes read, 2 bits of entropy available)
[    1.509784] random: systemd-udevd: uninitialized urandom read (16 bytes read, 2 bits of entropy available)
[    1.511272] random: udevadm: uninitialized urandom read (16 bytes read, 2 bits of entropy available)
[    1.511373] random: udevadm: uninitialized urandom read (16 bytes read, 2 bits of entropy available)
[    1.511784] random: udevadm: uninitialized urandom read (16 bytes read, 2 bits of entropy available)
[    1.511929] random: udevadm: uninitialized urandom read (16 bytes read, 2 bits of entropy available)
[    1.512073] random: udevadm: uninitialized urandom read (16 bytes read, 2 bits of entropy available)
[    1.586242] e1000: Intel(R) PRO/1000 Network Driver - version 7.3.21-k8-NAPI
[    1.588664] e1000: Copyright (c) 1999-2006 Intel Corporation.
[    1.590882] Fusion MPT base driver 3.04.20
[    1.592332] Copyright (c) 1999-2008 LSI Corporation
[    1.601524] Fusion MPT SPI Host driver 3.04.20
[    1.633604] AVX version of gcm_enc/dec engaged.
[    1.635278] AES CTR mode by8 optimization enabled
[    1.802791] input: ImExPS/2 Generic Explorer Mouse as /devices/platform/i8042/serio1/input/input4
[    2.080932] e1000 0000:00:03.0 eth0: (PCI:33MHz:32-bit) 02:f4:cb:fd:67:72
[    2.085883] e1000 0000:00:03.0 eth0: Intel(R) PRO/1000 Network Connection
[    2.092092] e1000 0000:00:03.0 enp0s3: renamed from eth0
[    2.092211] mptbase: ioc0: Initiating bringup
[    2.152732] ioc0: LSI53C1030 A0: Capabilities={Initiator}
[    2.331737] scsi host2: ioc0: LSI53C1030 A0, FwRev=00000000h, Ports=1, MaxQ=256, IRQ=20
[    2.447664] scsi 2:0:0:0: Direct-Access     VBOX     HARDDISK         1.0  PQ: 0 ANSI: 5
[    2.452143] scsi target2:0:0: Beginning Domain Validation
[    2.455517] scsi target2:0:0: Domain Validation skipping write tests
[    2.457606] scsi target2:0:0: Ending Domain Validation
[    2.459380] scsi target2:0:0: asynchronous
[    2.461451] scsi 2:0:1:0: Direct-Access     VBOX     HARDDISK         1.0  PQ: 0 ANSI: 5
[    2.476713] scsi target2:0:1: Beginning Domain Validation
[    2.481018] scsi target2:0:1: Domain Validation skipping write tests
[    2.483948] scsi target2:0:1: Ending Domain Validation
[    2.486107] scsi target2:0:1: asynchronous
[    2.496535] sd 2:0:0:0: Attached scsi generic sg0 type 0
[    2.498569] sd 2:0:0:0: [sda] 20971520 512-byte logical blocks: (10.7 GB/10.0 GiB)
[    2.502590] sd 2:0:1:0: [sdb] 20480 512-byte logical blocks: (10.5 MB/10.0 MiB)
[    2.503238] sd 2:0:0:0: [sda] Write Protect is off
[    2.503474] sd 2:0:0:0: [sda] Incomplete mode parameter data
[    2.503476] sd 2:0:0:0: [sda] Assuming drive cache: write through
[    2.508544] sd 2:0:1:0: Attached scsi generic sg1 type 0
[    2.510245]  sda: sda1
[    2.511466] sd 2:0:0:0: [sda] Attached SCSI disk
[    2.519718] sd 2:0:1:0: [sdb] Write Protect is off
[    2.522174] sd 2:0:1:0: [sdb] Incomplete mode parameter data
[    2.524044] sd 2:0:1:0: [sdb] Assuming drive cache: write through
[    2.530457] sd 2:0:1:0: [sdb] Attached SCSI disk
Begin: Loading essential drivers ... [    3.980066] md: linear personality registered for level -1
[    3.986598] md: multipath personality registered for level -4
[    3.992407] md: raid0 personality registered for level 0
[    4.000007] md: raid1 personality registered for level 1
[    4.072551] raid6: sse2x1   gen()  6844 MB/s
[    4.140603] raid6: sse2x1   xor()  5214 MB/s
[    4.208583] raid6: sse2x2   gen()  8587 MB/s
[    4.276649] raid6: sse2x2   xor()  5891 MB/s
[    4.344678] raid6: sse2x4   gen()  6027 MB/s
[    4.416950] raid6: sse2x4   xor()  3597 MB/s
[    4.418465] raid6: using algorithm sse2x2 gen() 8587 MB/s
[    4.420792] raid6: .... xor() 5891 MB/s, rmw enabled
[    4.422614] raid6: using ssse3x2 recovery algorithm
[    4.426529] xor: automatically using best checksumming function:
[    4.472941]    avx       : 32644.000 MB/sec
[    4.477881] async_tx: api initialized (async)
[    4.496076] md: raid6 personality registered for level 6
[    4.498111] md: raid5 personality registered for level 5
[    4.500431] md: raid4 personality registered for level 4
[    4.515219] md: raid10 personality registered for level 10
done.
Begin: Running /scripts/init-premount ... done.
Begin: Mounting root file system ... Begin: Running /scripts/local-top ... done.
Begin: Running /scripts/local-premount ... [    4.562200] Btrfs loaded
Scanning for Btrfs filesystems
done.
Warning: fsck not present, so skipping root file system
[    4.606282] EXT4-fs (sda1): mounted filesystem with ordered data mode. Opts: (null)
done.
Begin: Running /scripts/local-bottom ... done.
Begin: Running /scripts/init-bottom ... done.
[    4.760024] systemd[1]: systemd 229 running in system mode. (+PAM +AUDIT +SELINUX +IMA +APPARMOR +SMACK +SYSVINIT +UTMP +LIBCRYPTSETUP +GCRYPT +GNUTLS +ACL +XZ -LZ4 +SECCOMP +BLKID +ELFUTILS +KMOD -IDN)
[    4.766341] systemd[1]: Detected virtualization oracle.
[    4.769114] systemd[1]: Detected architecture x86-64.

Welcome to [1mUbuntu 16.04.6 LTS[0m!

[    4.780730] systemd[1]: Set hostname to <ubuntu>.
[    4.789910] systemd[1]: Initializing machine ID from random generator.
[    4.792168] systemd[1]: Installed transient /etc/machine-id file.
[    4.985727] systemd[1]: Started Trigger resolvconf update for networkd DNS.
[[0;32m  OK  [0m] Started Trigger resolvconf update for networkd DNS.
[    4.990747] systemd[1]: Reached target System Time Synchronized.
[[0;32m  OK  [0m] Reached target System Time Synchronized.
[    4.994678] systemd[1]: Reached target User and Group Name Lookups.
[[0;32m  OK  [0m] Reached target User and Group Name Lookups.
[    4.999101] systemd[1]: Listening on LVM2 metadata daemon socket.
[[0;32m  OK  [0m] Listening on LVM2 metadata daemon socket.
[    5.003049] systemd[1]: Listening on Journal Audit Socket.
[[0;32m  OK  [0m] Listening on Journal Audit Socket.
[    5.006616] systemd[1]: Listening on /dev/initctl Compatibility Named Pipe.
[[0;32m  OK  [0m] Listening on /dev/initctl Compatibility Named Pipe.
[    5.012081] systemd[1]: Reached target Encrypted Volumes.
[[0;32m  OK  [0m] Reached target Encrypted Volumes.
[    5.015682] systemd[1]: Listening on Device-mapper event daemon FIFOs.
[[0;32m  OK  [0m] Listening on Device-mapper event daemon FIFOs.
[    5.021105] systemd[1]: Started Forward Password Requests to Wall Directory Watch.
[[0;32m  OK  [0m] Started Forward Password Requests to Wall Directory Watch.
[    5.026165] systemd[1]: Listening on Journal Socket.
[[0;32m  OK  [0m] Listening on Journal Socket.
[    5.029383] systemd[1]: Listening on Syslog Socket.
[[0;32m  OK  [0m] Listening on Syslog Socket.
[    5.032661] systemd[1]: Listening on LVM2 poll daemon socket.
[[0;32m  OK  [0m] Listening on LVM2 poll daemon socket.
[    5.036323] systemd[1]: Listening on Journal Socket (/dev/log).
[[0;32m  OK  [0m] Listening on Journal Socket (/dev/log).
[    5.041085] systemd[1]: Reached target Swap.
[[0;32m  OK  [0m] Reached target Swap.
[    5.044622] systemd[1]: Created slice User and Session Slice.
[[0;32m  OK  [0m] Created slice User and Session Slice.
[    5.048870] systemd[1]: Set up automount Arbitrary Executable File Formats File System Automount Point.
[[0;32m  OK  [0m] Set up automount Arbitrary Executab...ats File System Automount Point.
[    5.054719] systemd[1]: Created slice System Slice.
[[0;32m  OK  [0m] Created slice System Slice.
[    5.077078] systemd[1]: Starting Nameserver information manager...
         Starting Nameserver information manager...
[    5.083062] systemd[1]: Starting Set console keymap...
         Starting Set console keymap...
[    5.087380] systemd[1]: Reached target Slices.
[[0;32m  OK  [0m] Reached target Slices.
[    5.092058] systemd[1]: Created slice system-serial\x2dgetty.slice.
[[0;32m  OK  [0m] Created slice system-serial\x2dgetty.slice.
[    5.098407] systemd[1]: Mounting POSIX Message Queue File System...
         Mounting POSIX Message Queue File System...
[    5.103841] systemd[1]: Mounting Huge Pages File System...
         Mounting Huge Pages File System...
[    5.110190] systemd[1]: Starting Remount Root and Kernel File Systems...
         Starting Remount Root and Kernel File Systems...
[    5.118706] systemd[1]: Mounting Debug File System...
[    5.120883] EXT4-fs (sda1): re-mounted. Opts: (null)
         Mounting Debug File System...
[    5.124776] systemd[1]: Starting Journal Service...
         Starting Journal Service...
[    5.131860] systemd[1]: Starting Load Kernel Modules...
         Starting Load Kernel Modules...
[    5.139531] systemd[1]: Starting Create list of required static device nodes for the current kernel...
         Starting Create list of required st... nodes for the current kernel...
[    5.153751] systemd[1]: Starting Monitoring of LVM2 mirrors, snapshots etc. using dmeventd or progress polling...
         Starting Monitoring of LVM2 mirrors... dmeventd or progress polling...
[    5.163353] systemd[1]: Listening on udev Kernel Socket.
[[0;32m  OK  [0m] Listening on udev Kernel Socket.
[    5.170789] systemd[1]: Listening on udev Control Socket.
[[0;32m  OK  [0m] Listening on udev Control Socket.
[    5.179052] Loading iSCSI transport class v2.0-870.
[    5.190117] iscsi: registered transport (tcp)
[    5.194488] systemd[1]: Starting Uncomplicated firewall...
         Starting Uncomplicated firewall...
[    5.201643] systemd[1]: Mounted Debug File System.
[[0;32m  OK  [0m] Mounted Debug File System.
[    5.205746] systemd[1]: Mounted POSIX Message Queue File System.
[[0;32m  OK  [0m] Mounted POSIX Message Queue File System.
[    5.214724] systemd[1]: Mounted Huge Pages File System.
[[0;32m  OK  [0m] Mounted Huge Pages File System.
[    5.221448] systemd[1]: Started Set console keymap.
[[0;32m  OK  [0m] Started Set console keymap.
[    5.230452] systemd[1]: Started Remount Root and Kernel File Systems.
[[0;32m  OK  [0m] Started Remount Root and Kernel File Systems.
[    5.237748] systemd[1]: Started Create list of required static device nodes for the current kernel.
[[0;32m  OK  [0m] Started Create list of required sta...ce nodes for the current kernel.
[    5.244262] systemd[1]: Started Uncomplicated firewall.
[[0;32m  OK  [0m] Started Uncomplicated firewall.
[    5.260976] systemd[1]: Started Nameserver information manager.
[[0;32m  OK  [0m] Started Nameserver information manager.
[    5.268704] systemd[1]: Started Journal Service.
[[0;32m  OK  [0m] Started Journal Service.
[[0;32m  OK  [0m] Started LVM2 metadata daemon.
         Starting Create Static Device Nodes in /dev...
[    5.284984] iscsi: registered transport (iser)
         Starting Flush Journal to Persistent Storage...
         Starting udev Coldplug all Devices...
         Starting Load/Save Random Seed...
[[0;32m  OK  [0m] Started Load Kernel Modules.
         Starting Apply Kernel Variables...
         Mounting FUSE Control File System...
[[0;32m  OK  [0m] Mounted FUSE Control File System.
[[0;32m  OK  [0m] Started Create Static Device Nodes in /dev.
[    5.342430] systemd-journald[389]: Received request to flush runtime journal from PID 1
         Starting udev Kernel Device Manager...
[[0;32m  OK  [0m] Started Load/Save Random Seed.
[[0;32m  OK  [0m] Started Flush Journal to Persistent Storage.
[[0;32m  OK  [0m] Started Apply Kernel Variables.
[[0;32m  OK  [0m] Started udev Kernel Device Manager.
[[0;32m  OK  [0m] Started udev Coldplug all Devices.
[[0;32m  OK  [0m] Started Dispatch Password Requests to Console Directory Watch.
[[0;32m  OK  [0m] Started Monitoring of LVM2 mirrors,...ng dmeventd or progress polling.
[[0;32m  OK  [0m] Reached target Local File Systems (Pre).
[[0;32m  OK  [0m] Reached target Local File Systems.
         Starting Tell Plymouth To Write Out Runtime Data...
         Starting Set console font and keymap...
         Starting LSB: AppArmor initialization...
         Starting Initial cloud-init job (pre-networking)...
         Starting Commit a transient machine-id on disk...
         Starting Create Volatile Files and Directories...
[[0;32m  OK  [0m] Started Tell Plymouth To Write Out Runtime Data.
[[0;32m  OK  [0m] Started Create Volatile Files and Directories.
[[0;32m  OK  [0m] Started Commit a transient machine-id on disk.
         Starting Update UTMP about System Boot/Shutdown...
[[0;32m  OK  [0m] Started Update UTMP about System Boot/Shutdown.
[[0;32m  OK  [0m] Found device /dev/ttyS0.
[[0;32m  OK  [0m] Listening on Load/Save RF Kill Switch Status /dev/rfkill Watch.
[    7.449650] cloud-init[492]: Cloud-init v. 19.4-33-gbb4131a2-0ubuntu1~16.04.1 running 'init-local' at Tue, 21 Apr 2020 13:57:18 +0000. Up 6.80 seconds.
[[0;32m  OK  [0m] Started Initial cloud-init job (pre-networking).
[[0;32m  OK  [0m] Started LSB: AppArmor initialization.
[[0;32m  OK  [0m] Reached target Network (Pre).
         Starting Raise network interfaces...
[[0;32m  OK  [0m] Started Set console font and keymap.
[[0;32m  OK  [0m] Created slice system-getty.slice.
[[0;32m  OK  [0m] Started Raise network interfaces.
[[0;32m  OK  [0m] Reached target Network.
         Starting Initial cloud-init job (metadata service crawler)...
[    9.619506] cloud-init[961]: Cloud-init v. 19.4-33-gbb4131a2-0ubuntu1~16.04.1 running 'init' at Tue, 21 Apr 2020 13:57:20 +0000. Up 8.96 seconds.
[    9.624543] cloud-init[961]: ci-info: ++++++++++++++++++++++++++++++++++++++Net device info++++++++++++++++++++++++++++++++++++++
[    9.629018] cloud-init[961]: ci-info: +--------+------+----------------------------+---------------+--------+-------------------+
[    9.633535] cloud-init[961]: ci-info: | Device |  Up  |          Address           |      Mask     | Scope  |     Hw-Address    |
[    9.637981] cloud-init[961]: ci-info: +--------+------+----------------------------+---------------+--------+-------------------+
[    9.642460] cloud-init[961]: ci-info: | enp0s3 | True |         10.0.2.15          | 255.255.255.0 | global | 02:f4:cb:fd:67:72 |
[    9.646987] cloud-init[961]: ci-info: | enp0s3 | True | fe80::f4:cbff:fefd:6772/64 |       .       |  link  | 02:f4:cb:fd:67:72 |
[    9.651365] cloud-init[961]: ci-info: |   lo   | True |         127.0.0.1          |   255.0.0.0   |  host  |         .         |
[    9.655846] cloud-init[961]: ci-info: |   lo   | True |          ::1/128           |       .       |  host  |         .         |
[    9.660383] cloud-init[961]: ci-info: +--------+------+----------------------------+---------------+--------+-------------------+
[    9.664785] cloud-init[961]: ci-info: +++++++++++++++++++++++++++Route IPv4 info++++++++++++++++++++++++++++
[    9.668613] cloud-init[961]: ci-info: +-------+-------------+----------+---------------+-----------+-------+
[    9.672490] cloud-init[961]: ci-info: | Route | Destination | Gateway  |    Genmask    | Interface | Flags |
[    9.681157] cloud-init[961]: ci-info: +-------+-------------+----------+---------------+-----------+-------+
[    9.684902] cloud-init[961]: ci-info: |   0   |   0.0.0.0   | 10.0.2.2 |    0.0.0.0    |   enp0s3  |   UG  |
[    9.688226] cloud-init[961]: ci-info: |   1   |   10.0.2.0  | 0.0.0.0  | 255.255.255.0 |   enp0s3  |   U   |
[    9.692230] cloud-init[961]: ci-info: +-------+-------------+----------+---------------+-----------+-------+
[    9.696222] cloud-init[961]: ci-info: +++++++++++++++++++Route IPv6 info+++++++++++++++++++
[    9.699509] cloud-init[961]: ci-info: +-------+-------------+---------+-----------+-------+
[    9.702914] cloud-init[961]: ci-info: | Route | Destination | Gateway | Interface | Flags |
[    9.706268] cloud-init[961]: ci-info: +-------+-------------+---------+-----------+-------+
[    9.709577] cloud-init[961]: ci-info: |   0   |  fe80::/64  |    ::   |   enp0s3  |   U   |
[    9.713516] cloud-init[961]: ci-info: |   3   |   ff00::/8  |    ::   |   enp0s3  |   U   |
[    9.717039] cloud-init[961]: ci-info: +-------+-------------+---------+-----------+-------+
[    9.720458] cloud-init[961]: Generating public/private rsa key pair.
[    9.723225] cloud-init[961]: Your identification has been saved in /etc/ssh/ssh_host_rsa_key.
[    9.726672] cloud-init[961]: Your public key has been saved in /etc/ssh/ssh_host_rsa_key.pub.
[    9.730086] cloud-init[961]: The key fingerprint is:
[    9.733070] cloud-init[961]: SHA256:fQHS53r7X0pK+ieIBpj3CDdx65H3SfJSTYNYsvnsB90 root@ubuntu-xenial
[    9.736668] cloud-init[961]: The key's randomart image is:
[    9.739028] cloud-init[961]: +---[RSA 2048]----+
[    9.741150] cloud-init[961]: |        ...      |
[    9.743258] cloud-init[961]: |         .o.o    |
[    9.745388] cloud-init[961]: |           O..   |
[    9.747474] cloud-init[961]: |      . ..+ o.o  |
[    9.749659] cloud-init[961]: |     o oSo.+.+ o |
[    9.751757] cloud-init[961]: |    + = + +.B o E|
[    9.753918] cloud-init[961]: |     + * + X.+. .|
[    9.755914] cloud-init[961]: |      . = ooBoo..|
[    9.758039] cloud-init[961]: |       .  .oo=o..|
[    9.760213] cloud-init[961]: +----[SHA256]-----+
[    9.762297] cloud-init[961]: Generating public/private dsa key pair.
[    9.765064] cloud-init[961]: Your identification has been saved in /etc/ssh/ssh_host_dsa_key.
[    9.768425] cloud-init[961]: Your public key has been saved in /etc/ssh/ssh_host_dsa_key.pub.
[    9.771740] cloud-init[961]: The key fingerprint is:
[    9.774042] cloud-init[961]: SHA256:o63rJKM2mtTOPUECrnlLa9nhg/L8QXfmaVGujUvOexU root@ubuntu-xenial
[    9.777600] cloud-init[961]: The key's randomart image is:
[    9.779916] cloud-init[961]: +---[DSA 1024]----+
[    9.782181] cloud-init[961]: |                 |
[    9.784571] cloud-init[961]: | .               |
[    9.786438] cloud-init[961]: |. .       .      |
[    9.788369] cloud-init[961]: | . . .   o  E    |
[    9.790167] cloud-init[961]: |..  + . S .  .   |
[    9.792102] cloud-init[961]: |o +..o * B  .    |
[    9.794473] cloud-init[961]: | + O+.+ O ..     |
[    9.796571] cloud-init[961]: |oo@.=* * ..      |
[    9.798665] cloud-init[961]: |o*+=.+=.=o       |
[    9.800783] cloud-init[961]: +----[SHA256]-----+
[    9.802931] cloud-init[961]: Generating public/private ecdsa key pair.
[    9.805686] cloud-init[961]: Your identification has been saved in /etc/ssh/ssh_host_ecdsa_key.
[    9.809130] cloud-init[961]: Your public key has been saved in /etc/ssh/ssh_host_ecdsa_key.pub.
[    9.812558] cloud-init[961]: The key fingerprint is:
[    9.815025] cloud-init[961]: SHA256:RTY/jdNWiDoqBlaAhDJhpeLbrVJspePE6KMdpXhlaFo root@ubuntu-xenial
[    9.818601] cloud-init[961]: The key's randomart image is:
[    9.820959] cloud-init[961]: +---[ECDSA 256]---+
[    9.823033] cloud-init[961]: |.=oo..    +  . ..|
[    9.825152] cloud-init[961]: |= o   .  o o.+.. |
[    9.827225] cloud-init[961]: |oo   .    ..= +  |
[    9.829331] cloud-init[961]: |o  .o.   .o  +   |
[    9.831406] cloud-init[961]: | .E.*.  S. .     |
[    9.833534] cloud-init[961]: | *o&. o .        |
[    9.835631] cloud-init[961]: |+.O..o .         |
[    9.837864] cloud-init[961]: | * o.            |
[    9.839977] cloud-init[961]: |o +.             |
[    9.842127] cloud-init[961]: +----[SHA256]-----+
[    9.844322] cloud-init[961]: Generating public/private ed25519 key pair.
[    9.847067] cloud-init[961]: Your identification has been saved in /etc/ssh/ssh_host_ed25519_key.
[    9.850572] cloud-init[961]: Your public key has been saved in /etc/ssh/ssh_host_ed25519_key.pub.
[    9.854028] cloud-init[961]: The key fingerprint is:
[    9.856307] cloud-init[961]: SHA256:FO17PwHKraB6zU07qhETc3rZq4XaeVUNd8fhz7lViec root@ubuntu-xenial
[    9.859802] cloud-init[961]: The key's randomart image is:
[    9.862810] cloud-init[961]: +--[ED25519 256]--+
[    9.865610] cloud-init[961]: |        ..     o.|
[    9.868443] cloud-init[961]: |         ..   + *|
[    9.871157] cloud-init[961]: |      o o.   . B+|
[[    9.885381] cloud-init[961]: |       * o. . +.=|
[    9.885763] cloud-init[961]: |      + S..+ o E+|
[    9.887975] cloud-init[961]: |       +..=.+ . o|
[    9.889213] cloud-init[961]: |      .+.+o= . o |
[    9.891388] cloud-init[961]: |      o+o+*   o  |
[    9.892778] cloud-init[961]: |    .oo.=o .   . |
[    9.895267] cloud-init[961]: +----[SHA256]-----+
[0;32m  OK  [0m] Started Initial cloud-init job (metadata service crawler).
[[0;32m  OK  [0m] Reached target Network is Online.
         Starting iSCSI initiator daemon (iscsid)...
[[0;32m  OK  [0m] Reached target Cloud-config availability.
[[0;32m  OK  [0m] Reached target System Initialization.
[[0;32m  OK  [0m] Listening on ACPID Listen Socket.
         Starting LXD - unix socket.
[[0;32m  OK  [0m] Started Daily Cleanup of Temporary Directories.
[[0;32m  OK  [0m] Started ACPI Events Check.
[[0;32m  OK  [0m] Reached target Paths.
[[0;32m  OK  [0m] Listening on UUID daemon activation socket.
[[0;32m  OK  [0m] Started Message of the Day.
         Starting Socket activation for snappy daemon.
[[0;32m  OK  [0m] Started Daily apt download activities.
[[0;32m  OK  [0m] Listening on D-Bus System Message Bus Socket.
[[0;32m  OK  [0m] Started Daily apt upgrade and clean activities.
[[0;32m  OK  [0m] Reached target Timers.
[[0;32m  OK  [0m] Listening on LXD - unix socket.
[[0;32m  OK  [0m] Listening on Socket activation for snappy daemon.
[[0;32m  OK  [0m] Reached target Sockets.
[[0;32m  OK  [0m] Reached target Basic System.
         Starting LSB: Record successful boot for GRUB...
         Starting Login Service...
[[0;32m  OK  [0m] Started ACPI event daemon.
         Starting Pollinate to seed the pseudo random number generator...
[[0;32m  OK  [0m] Started Deferred execution scheduler.
         Starting Accounts Service...
[[0;32m  OK  [0m] Started FUSE filesystem for LXC.
[[0;32m  OK  [0m] Started Regular background program processing daemon.
         Starting Virtualbox guest utils...
         Starting LXD - container startup/shutdown...
[[0;32m  OK  [0m] Started D-Bus System Message Bus.
         Starting Snappy daemon...
         Starting LSB: MD monitoring daemon...
         Starting /etc/rc.local Compatibility...
         Starting System Logging Service...
[[0;32m  OK  [0m] Started iSCSI initiator daemon (iscsid).
[[0;32m  OK  [0m] Started /etc/rc.local Compatibility.
         Starting Login to default iSCSI targets...
[[0;32m  OK  [0m] Started Login Service.
[[0;32m  OK  [0m] Started LSB: Record successful boot for GRUB.
[[0;32m  OK  [0m] Started System Logging Service.
         Starting Authenticate and Authorize Users to Run Privileged Tasks...
[[0;32m  OK  [0m] Started Unattended Upgrades Shutdown.
[[0;32m  OK  [0m] Started Login to default iSCSI targets.
[[0;32m  OK  [0m] Reached target Remote File Systems (Pre).
[[0;32m  OK  [0m] Reached target Remote File Systems.
         Starting LSB: automatic crash report generation...
         Starting LSB: daemon to balance interrupts for SMP systems...
         Starting Permit User Sessions...
         Starting LSB: Set the CPU Frequency Scaling governor to "ondemand"...
[[0;32m  OK  [0m] Started LXD - container startup/shutdown.
[[0;32m  OK  [0m] Started Permit User Sessions.
[[0;32m  OK  [0m] Started Authenticate and Authorize Users to Run Privileged Tasks.
[[0;32m  OK  [0m] Started Accounts Service.
[[0;32m  OK  [0m] Started LSB: MD monitoring daemon.
         Starting Hold until boot process finishes up...
         Starting Terminate Plymouth Boot Screen...
[[0;32m  OK  [0m] Started Hold until boot process finishes up.
         Starting Set console scheme...
[[0;32m  OK  [0m] Started Serial Getty on ttyS0.
[[0;32m  OK  [0m] Started Getty on tty1.
[[0;32m  OK  [0m] Reached target Login Prompts.
[[0;32m  OK  [0m] Started LSB: automatic crash report generation.
[[0;32m  OK  [0m] Started LSB: Set the CPU Frequency Scaling governor to "ondemand".
[[0;32m  OK  [0m] Started Terminate Plymouth Boot Screen.
[[0;32m  OK  [0m] Started Set console scheme.
[[0;32m  OK  [0m] Started LSB: daemon to balance interrupts for SMP systems.
[[0;32m  OK  [0m] Started Virtualbox guest utils.
[[0;32m  OK  [0m] Started Snappy daemon.
         Starting Wait until snapd is fully seeded...
[[0;32m  OK  [0m] Started Pollinate to seed the pseudo random number generator.
         Starting OpenBSD Secure Shell server...
[[0;32m  OK  [0m] Started OpenBSD Secure Shell server.
[[0;32m  OK  [0m] Created slice User Slice of vagrant.
         Starting User Manager for UID 1000...
[[0;32m  OK  [0m] Started Session 1 of user vagrant.
[[0;32m  OK  [0m] Started User Manager for UID 1000.

Ubuntu 16.04.6 LTS ubuntu-xenial ttyS0

ubuntu-xenial login: [   19.390222] cloud-init[1671]: Generating locales (this might take a while)...
[   20.489707] cloud-init[1671]:   en_US.UTF-8... done
[   20.490699] cloud-init[1671]: Generation complete.
[   20.884764] cloud-init[1671]: Cloud-init v. 19.4-33-gbb4131a2-0ubuntu1~16.04.1 running 'modules:config' at Tue, 21 Apr 2020 13:57:30 +0000. Up 19.25 seconds.
ci-info: no authorized SSH keys fingerprints found for user ubuntu.
<14>Apr 21 13:57:32 ec2: 
<14>Apr 21 13:57:32 ec2: #############################################################
<14>Apr 21 13:57:32 ec2: -----BEGIN SSH HOST KEY FINGERPRINTS-----
<14>Apr 21 13:57:32 ec2: 1024 SHA256:o63rJKM2mtTOPUECrnlLa9nhg/L8QXfmaVGujUvOexU root@ubuntu-xenial (DSA)
<14>Apr 21 13:57:32 ec2: 256 SHA256:RTY/jdNWiDoqBlaAhDJhpeLbrVJspePE6KMdpXhlaFo root@ubuntu-xenial (ECDSA)
<14>Apr 21 13:57:32 ec2: 256 SHA256:FO17PwHKraB6zU07qhETc3rZq4XaeVUNd8fhz7lViec root@ubuntu-xenial (ED25519)
<14>Apr 21 13:57:32 ec2: 2048 SHA256:fQHS53r7X0pK+ieIBpj3CDdx65H3SfJSTYNYsvnsB90 root@ubuntu-xenial (RSA)
<14>Apr 21 13:57:32 ec2: -----END SSH HOST KEY FINGERPRINTS-----
<14>Apr 21 13:57:32 ec2: #############################################################
-----BEGIN SSH HOST KEY KEYS-----
ecdsa-sha2-nistp256 AAAAE2VjZHNhLXNoYTItbmlzdHAyNTYAAAAIbmlzdHAyNTYAAABBBG/wbfuCXoKOPPF5K+T7S78Zvlgoct+uh28oTcMT7eaDUJHuX1k4PNAs82Bdfr5NYxZ6dVRyvHmmJTkPo3AKVMs= root@ubuntu-xenial
ssh-ed25519 AAAAC3NzaC1lZDI1NTE5AAAAIOrorz+PuAq/5/FQI7eyJ9B/ADwAWBlzvStTjEtvGpww root@ubuntu-xenial
ssh-rsa AAAAB3NzaC1yc2EAAAADAQABAAABAQDLFmnhltbST+XouS8UzKA5DdEfWc548jQxhM7IV4FsHpjEhV6150Ut0/31aCgh4OZODh9/cI1zGxqrVNI6P82OxUlRUtiZaBlLUmyfXlEe6NpZEISfg9BixXqxm0TdD2uqgmkMYKFvHvd4aE3NZEJG2Gel6mlPG2ySR85TnU/GRuyIbmrpq+CGCtsIbcMOlHPxNgj3oEBiL1xI/8CVnSiousfSVDUIrMr0VHo2lCWxmyk6U/8DuHCncpLEaW+nI1ZrgVZEJjIxllQNDICfhc6c3I/9TviYOvTq6VBOjTLu7K/m3XFQOS3pmpAnfSI8eti6VyNOZtnegDzYdygr2y1/ root@ubuntu-xenial
-----END SSH HOST KEY KEYS-----
[   21.507617] cloud-init[1758]: Cloud-init v. 19.4-33-gbb4131a2-0ubuntu1~16.04.1 running 'modules:final' at Tue, 21 Apr 2020 13:57:32 +0000. Up 21.32 seconds.
[   21.513774] cloud-init[1758]: ci-info: no authorized SSH keys fingerprints found for user ubuntu.
[   21.518025] cloud-init[1758]: Cloud-init v. 19.4-33-gbb4131a2-0ubuntu1~16.04.1 finished at Tue, 21 Apr 2020 13:57:32 +0000. Datasource DataSourceNoCloud [seed=/dev/sdb][dsmode=net].  Up 21.48 seconds
